<?xml version="1.0" encoding="UTF-8"?>
<testsuite xmlns:xsi="http://www.w3.org/2001/XMLSchema-instance" xsi:noNamespaceSchemaLocation="https://maven.apache.org/surefire/maven-surefire-plugin/xsd/surefire-test-report.xsd" name="com.yogeshpotdar.tradetest.TradeProcessorApplicationTests" time="62.631" tests="2" errors="0" skipped="0" failures="0">
  <properties>
[...]
</properties>
  <testcase name="testProcess" classname="com.yogeshpotdar.tradetest.TradeProcessorApplicationTests" time="30.342"/>
  <testcase name="contextLoads" classname="com.yogeshpotdar.tradetest.TradeProcessorApplicationTests" time="0.002"/>
</testsuite>